<?xml version="1.0" encoding="UTF-8"?>
<!-- Generated by org.testng.reporters.JUnitReportReporter -->
<testsuite hostname="Ryanjo" name="com.adactin.Testcases.TestCase116" tests="1" failures="0" timestamp="1 Jul 2016 02:24:50 GMT" time="15.851" errors="0">
  <testcase name="CompareBookedWithItenary" time="15.851" classname="com.adactin.Testcases.TestCase116"/>
</testsuite> <!-- com.adactin.Testcases.TestCase116 -->
