<?xml version="1.0" encoding="UTF-8"?>
<!-- Generated by org.testng.reporters.JUnitReportReporter -->
<testsuite hostname="Ryanjo" name="com.adactin.Testcases.TestCase111" tests="1" failures="0" timestamp="6 May 2016 03:12:36 GMT" time="7.550" errors="0">
  <testcase name="PastDateEntry" time="7.550" classname="com.adactin.Testcases.TestCase111"/>
</testsuite> <!-- com.adactin.Testcases.TestCase111 -->
