<?xml version="1.0" encoding="UTF-8"?>
<!-- Generated by org.testng.reporters.JUnitReportReporter -->
<testsuite hostname="Ryanjo" name="com.adactin.Testcases.TestCase101" tests="1" failures="0" timestamp="30 Apr 2016 08:10:45 GMT" time="2.553" errors="0">
  <testcase name="LoginTest" time="2.553" classname="com.adactin.Testcases.TestCase101"/>
</testsuite> <!-- com.adactin.Testcases.TestCase101 -->
